<bibernate>
  <connection>
    <url>jdbc:mysql://localhost:3306/mydb</url>
    <username>user</username>
    <password>pass</password>
  </connection>
</bibernate>
